==21828== Memcheck, a memory error detector
==21828== Copyright (C) 2002-2012, and GNU GPL'd, by Julian Seward et al.
==21828== Using Valgrind-3.8.1 and LibVEX; rerun with -h for copyright info
==21828== Command: ./pa01
==21828== Parent PID: 13052
==21828== 
--21828-- 
--21828-- Valgrind options:
--21828--    --tool=memcheck
--21828--    --leak-check=full
--21828--    --verbose
--21828--    --log-file=memcheck.log
--21828-- Contents of /proc/version:
--21828--   Linux version 2.6.32-431.23.3.el6.x86_64 (mockbuild@x86-027.build.eng.bos.redhat.com) (gcc version 4.4.7 20120313 (Red Hat 4.4.7-4) (GCC) ) #1 SMP Wed Jul 16 06:12:23 EDT 2014
--21828-- Arch and hwcaps: AMD64, amd64-sse3-cx16
--21828-- Page sizes: currently 4096, max supported 4096
--21828-- Valgrind library directory: /usr/lib64/valgrind
--21828-- Reading syms from /home/shay/a/iflegman/ECE264/Solutions/PA01/pa01
--21828-- Reading syms from /usr/lib64/valgrind/memcheck-amd64-linux
--21828--    object doesn't have a dynamic symbol table
--21828-- Reading syms from /lib64/ld-2.12.so
--21828-- Scheduler: using generic scheduler lock implementation.
--21828-- Reading suppressions file: /usr/lib64/valgrind/default.supp
==21828== embedded gdbserver: reading from /tmp/vgdb-pipe-from-vgdb-to-21828-by-iflegman-on-ecegrid-thin1.ecn.purdue.edu
==21828== embedded gdbserver: writing to   /tmp/vgdb-pipe-to-vgdb-from-21828-by-iflegman-on-ecegrid-thin1.ecn.purdue.edu
==21828== embedded gdbserver: shared mem   /tmp/vgdb-pipe-shared-mem-vgdb-21828-by-iflegman-on-ecegrid-thin1.ecn.purdue.edu
==21828== 
==21828== TO CONTROL THIS PROCESS USING vgdb (which you probably
==21828== don't want to do, unless you know exactly what you're doing,
==21828== or are doing some strange experiment):
==21828==   /usr/lib64/valgrind/../../bin/vgdb --pid=21828 ...command...
==21828== 
==21828== TO DEBUG THIS PROCESS USING GDB: start GDB like this
==21828==   /path/to/gdb ./pa01
==21828== and then give GDB the following command
==21828==   target remote | /usr/lib64/valgrind/../../bin/vgdb --pid=21828
==21828== --pid is optional if only one valgrind process is running
==21828== 
--21828-- REDIR: 0x310ee17530 (strlen) redirected to 0x38049551 (vgPlain_amd64_linux_REDIR_FOR_strlen)
--21828-- Reading syms from /usr/lib64/valgrind/vgpreload_core-amd64-linux.so
--21828-- Reading syms from /usr/lib64/valgrind/vgpreload_memcheck-amd64-linux.so
--21828-- REDIR: 0x310ee173a0 (index) redirected to 0x4a07bf0 (index)
--21828-- REDIR: 0x310ee17420 (strcmp) redirected to 0x4a08530 (strcmp)
--21828-- Reading syms from /lib64/libc-2.12.so
--21828-- REDIR: 0x310f284fc0 (strcasecmp) redirected to 0x480155c (_vgnU_ifunc_wrapper)
--21828-- REDIR: 0x310f287280 (strncasecmp) redirected to 0x480155c (_vgnU_ifunc_wrapper)
--21828-- REDIR: 0x310f282f30 (__GI_strrchr) redirected to 0x4a07a70 (__GI_strrchr)
--21828-- REDIR: 0x310f281450 (__GI_strlen) redirected to 0x4a07f70 (__GI_strlen)
--21828-- REDIR: 0x310f27b810 (free) redirected to 0x4a06369 (free)
==21828== 
==21828== HEAP SUMMARY:
==21828==     in use at exit: 0 bytes in 0 blocks
==21828==   total heap usage: 0 allocs, 0 frees, 0 bytes allocated
==21828== 
==21828== All heap blocks were freed -- no leaks are possible
==21828== 
==21828== ERROR SUMMARY: 0 errors from 0 contexts (suppressed: 6 from 6)
--21828-- 
--21828-- used_suppression:      4 U1004-ARM-_dl_relocate_object
--21828-- used_suppression:      2 glibc-2.5.x-on-SUSE-10.2-(PPC)-2a
==21828== 
==21828== ERROR SUMMARY: 0 errors from 0 contexts (suppressed: 6 from 6)
